<?xml version="1.0" encoding="UTF-8" ?>
<testsuite tests="9" failures="0" name="com.epam.bootcamp.bmi_calculator.BMITest" time="0.021" errors="0" skipped="0">
  <properties>
[...]
</properties>
  <testcase classname="com.epam.bootcamp.bmi_calculator.BMITest" name="BMITest1" time="0.016"/>
  <testcase classname="com.epam.bootcamp.bmi_calculator.BMITest" name="BMITest2" time="0"/>
  <testcase classname="com.epam.bootcamp.bmi_calculator.BMITest" name="BMITest3" time="0"/>
  <testcase classname="com.epam.bootcamp.bmi_calculator.BMITest" name="BMITest4" time="0"/>
  <testcase classname="com.epam.bootcamp.bmi_calculator.BMITest" name="BMITest5" time="0"/>
  <testcase classname="com.epam.bootcamp.bmi_calculator.BMITest" name="BMITest6" time="0.005"/>
  <testcase classname="com.epam.bootcamp.bmi_calculator.BMITest" name="BMITest7" time="0"/>
  <testcase classname="com.epam.bootcamp.bmi_calculator.BMITest" name="BMITest8" time="0"/>
  <testcase classname="com.epam.bootcamp.bmi_calculator.BMITest" name="BMITest9" time="0"/>
</testsuite>